<?xml version="1.0" encoding="UTF-8"?>
<testng-results ignored="0" total="1" passed="1" failed="0" skipped="0">
  <reporter-output>
  </reporter-output>
  <suite started-at="2023-09-18T13:13:59 MDT" name="Surefire suite" finished-at="2023-09-18T13:14:13 MDT" duration-ms="13560">
    <groups>
    </groups>
    <test started-at="2023-09-18T13:13:59 MDT" name="Surefire test" finished-at="2023-09-18T13:14:13 MDT" duration-ms="13560">
      <class name="contact.ContactTests">
        <test-method is-config="true" signature="setup()[pri:0, instance:contact.ContactTests@3b2cf7ab]" started-at="2023-09-18T13:13:59 MDT" name="setup" finished-at="2023-09-18T13:14:03 MDT" duration-ms="4011" status="PASS">
          <reporter-output>
          </reporter-output>
        </test-method> <!-- setup -->
        <test-method signature="contactTest()[pri:0, instance:contact.ContactTests@3b2cf7ab]" started-at="2023-09-18T13:14:03 MDT" name="contactTest" finished-at="2023-09-18T13:14:13 MDT" duration-ms="9526" status="PASS">
          <reporter-output>
          </reporter-output>
        </test-method> <!-- contactTest -->
      </class> <!-- contact.ContactTests -->
    </test> <!-- Surefire test -->
  </suite> <!-- Surefire suite -->
</testng-results>
